<?xml version="1.0" encoding="UTF-8"?>
<!-- Generated by org.testng.reporters.JUnitReportReporter -->
<testsuite skipped="0" hostname="Naveen-Mac.local" name="com.qa.hubspot.tests.LoginPageTest" tests="3" failures="0" timestamp="29 Apr 2020 02:59:16 GMT" time="33.338" errors="0">
  <testcase name="verifyLoginPageTitleTest" time="10.148" classname="com.qa.hubspot.tests.LoginPageTest"/>
  <testcase name="verifySignUpLinkTest" time="6.326" classname="com.qa.hubspot.tests.LoginPageTest"/>
  <testcase name="loginTest" time="16.864" classname="com.qa.hubspot.tests.LoginPageTest"/>
</testsuite> <!-- com.qa.hubspot.tests.LoginPageTest -->
